NEWS HEADLINES - PROJECT CODE/app/build/intermediates/manifest_merge_blame_file/debug/processDebugMainManifest/manifest-merger-blame-debug-report.txt
1<?xml version="1.0" encoding="utf-8"?>
2<manifest xmlns:android="http://schemas.android.com/apk/res/android"
3    package="com.example.newsheadlines"
4    android:versionCode="1"
5    android:versionName="1.0" >
6
7    <uses-sdk
8        android:minSdkVersion="21"
9        android:targetSdkVersion="33" />
10
11    <uses-permission android:name="android.permission.INTERNET" />
11-->src\main\AndroidManifest.xml:4:5-66
11-->src\main\AndroidManifest.xml:4:22-64
12    <uses-permission android:name="android.permission.ACCESS_WIFI_STATE" />
12-->src\main\AndroidManifest.xml:5:5-75
12-->src\main\AndroidManifest.xml:5:22-73
13
14    <application
14-->src\main\AndroidManifest.xml:6:5-41:19
15        android:allowBackup="true"
15-->src\main\AndroidManifest.xml:7:9-35
16        android:appComponentFactory="androidx.core.app.CoreComponentFactory"
16-->[androidx.core:core:1.7.0] AndroidManifest.xml:24:18-86
17        android:dataExtractionRules="@xml/data_extraction_rules"
17-->src\main\AndroidManifest.xml:8:9-65
18        android:debuggable="true"
19        android:extractNativeLibs="true"
20        android:fullBackupContent="@xml/backup_rules"
20-->src\main\AndroidManifest.xml:9:9-54
21        android:icon="@drawable/news_app_icon"
21-->src\main\AndroidManifest.xml:10:9-47
22        android:label="@string/app_name"
22-->src\main\AndroidManifest.xml:11:9-41
23        android:supportsRtl="true"
23-->src\main\AndroidManifest.xml:12:9-35
24        android:testOnly="true"
25        android:theme="@style/Theme.NewsHeadlines" >
25-->src\main\AndroidManifest.xml:13:9-51
26        <activity
26-->src\main\AndroidManifest.xml:15:9-19:58
27            android:name="com.example.newsheadlines.DisplayNews"
27-->src\main\AndroidManifest.xml:16:13-40
28            android:exported="false"
28-->src\main\AndroidManifest.xml:17:13-37
29            android:label="@string/title_activity_display_news"
29-->src\main\AndroidManifest.xml:18:13-64
30            android:theme="@style/Theme.NewsHeadlines" />
30-->src\main\AndroidManifest.xml:19:13-55
31        <activity
31-->src\main\AndroidManifest.xml:20:9-24:58
32            android:name="com.example.newsheadlines.RegistrationActivity"
32-->src\main\AndroidManifest.xml:21:13-49
33            android:exported="false"
33-->src\main\AndroidManifest.xml:22:13-37
34            android:label="@string/title_activity_registration"
34-->src\main\AndroidManifest.xml:23:13-64
35            android:theme="@style/Theme.NewsHeadlines" />
35-->src\main\AndroidManifest.xml:24:13-55
36        <activity
36-->src\main\AndroidManifest.xml:25:9-29:58
37            android:name="com.example.newsheadlines.MainPage"
37-->src\main\AndroidManifest.xml:26:13-37
38            android:exported="false"
38-->src\main\AndroidManifest.xml:27:13-37
39            android:label="@string/title_activity_main_page"
39-->src\main\AndroidManifest.xml:28:13-61
40            android:theme="@style/Theme.NewsHeadlines" />
40-->src\main\AndroidManifest.xml:29:13-55
41        <activity
41-->src\main\AndroidManifest.xml:30:9-40:20
42            android:name="com.example.newsheadlines.LoginActivity"
42-->src\main\AndroidManifest.xml:31:13-42
43            android:exported="true"
43-->src\main\AndroidManifest.xml:32:13-36
44            android:label="@string/app_name"
44-->src\main\AndroidManifest.xml:33:13-45
45            android:theme="@style/Theme.NewsHeadlines" >
45-->src\main\AndroidManifest.xml:34:13-55
46            <intent-filter>
46-->src\main\AndroidManifest.xml:35:13-39:29
47                <action android:name="android.intent.action.MAIN" />
47-->src\main\AndroidManifest.xml:36:17-69
47-->src\main\AndroidManifest.xml:36:25-66
48
49                <category android:name="android.intent.category.LAUNCHER" />
49-->src\main\AndroidManifest.xml:38:17-77
49-->src\main\AndroidManifest.xml:38:27-74
50            </intent-filter>
51        </activity>
52
53        <service
53-->[androidx.room:room-runtime:2.5.0] AndroidManifest.xml:24:9-28:63
54            android:name="androidx.room.MultiInstanceInvalidationService"
54-->[androidx.room:room-runtime:2.5.0] AndroidManifest.xml:25:13-74
55            android:directBootAware="true"
55-->[androidx.room:room-runtime:2.5.0] AndroidManifest.xml:26:13-43
56            android:exported="false" />
56-->[androidx.room:room-runtime:2.5.0] AndroidManifest.xml:27:13-37
57
58        <activity
58-->[androidx.compose.ui:ui-tooling:1.2.0] AndroidManifest.xml:24:9-26:39
59            android:name="androidx.compose.ui.tooling.PreviewActivity"
59-->[androidx.compose.ui:ui-tooling:1.2.0] AndroidManifest.xml:25:13-71
60            android:exported="true" />
60-->[androidx.compose.ui:ui-tooling:1.2.0] AndroidManifest.xml:26:13-36
61        <activity
61-->[androidx.compose.ui:ui-test-manifest:1.2.0] AndroidManifest.xml:24:9-26:39
62            android:name="androidx.activity.ComponentActivity"
62-->[androidx.compose.ui:ui-test-manifest:1.2.0] AndroidManifest.xml:25:13-63
63            android:exported="true" />
63-->[androidx.compose.ui:ui-test-manifest:1.2.0] AndroidManifest.xml:26:13-36
64
65        <provider
65-->[androidx.profileinstaller:profileinstaller:1.2.0] AndroidManifest.xml:25:9-33:20
66            android:name="androidx.startup.InitializationProvider"
66-->[androidx.profileinstaller:profileinstaller:1.2.0] AndroidManifest.xml:26:13-67
67            android:authorities="com.example.newsheadlines.androidx-startup"
67-->[androidx.profileinstaller:profileinstaller:1.2.0] AndroidManifest.xml:27:13-68
68            android:exported="false" >
68-->[androidx.profileinstaller:profileinstaller:1.2.0] AndroidManifest.xml:28:13-37
69            <meta-data
69-->[androidx.profileinstaller:profileinstaller:1.2.0] AndroidManifest.xml:30:13-32:52
70                android:name="androidx.profileinstaller.ProfileInstallerInitializer"
70-->[androidx.profileinstaller:profileinstaller:1.2.0] AndroidManifest.xml:31:17-85
71                android:value="androidx.startup" />
71-->[androidx.profileinstaller:profileinstaller:1.2.0] AndroidManifest.xml:32:17-49
72        </provider>
73
74        <receiver
74-->[androidx.profileinstaller:profileinstaller:1.2.0] AndroidManifest.xml:35:9-47:20
75            android:name="androidx.profileinstaller.ProfileInstallReceiver"
75-->[androidx.profileinstaller:profileinstaller:1.2.0] AndroidManifest.xml:36:13-76
76            android:directBootAware="false"
76-->[androidx.profileinstaller:profileinstaller:1.2.0] AndroidManifest.xml:37:13-44
77            android:enabled="true"
77-->[androidx.profileinstaller:profileinstaller:1.2.0] AndroidManifest.xml:38:13-35
78            android:exported="true"
78-->[androidx.profileinstaller:profileinstaller:1.2.0] AndroidManifest.xml:39:13-36
79            android:permission="android.permission.DUMP" >
79-->[androidx.profileinstaller:profileinstaller:1.2.0] AndroidManifest.xml:40:13-57
80            <intent-filter>
80-->[androidx.profileinstaller:profileinstaller:1.2.0] AndroidManifest.xml:41:13-43:29
81                <action android:name="androidx.profileinstaller.action.INSTALL_PROFILE" />
81-->[androidx.profileinstaller:profileinstaller:1.2.0] AndroidManifest.xml:42:17-91
81-->[androidx.profileinstaller:profileinstaller:1.2.0] AndroidManifest.xml:42:25-88
82            </intent-filter>
83            <intent-filter>
83-->[androidx.profileinstaller:profileinstaller:1.2.0] AndroidManifest.xml:44:13-46:29
84                <action android:name="androidx.profileinstaller.action.SKIP_FILE" />
84-->[androidx.profileinstaller:profileinstaller:1.2.0] AndroidManifest.xml:45:17-85
84-->[androidx.profileinstaller:profileinstaller:1.2.0] AndroidManifest.xml:45:25-82
85            </intent-filter>
86        </receiver>
87    </application>
88
89</manifest>